0 info it worked if it ends with ok
1 verbose cli [ 'node', '/usr/local/bin/npm', 'run', 'dev' ]
2 info using npm@2.1.6
3 info using node@v0.10.29
4 verbose run-script [ 'predev', 'dev', 'postdev' ]
5 info predev frontinamsterdam.nl@0.0.2
6 info dev frontinamsterdam.nl@0.0.2
7 verbose unsafe-perm in lifecycle true
8 info frontinamsterdam.nl@0.0.2 Failed to exec dev script
9 verbose stack Error: frontinamsterdam.nl@0.0.2 dev: `gulp`
9 verbose stack Exit status 8
9 verbose stack     at ChildProcess.<anonymous> (/usr/local/lib/node_modules/npm/lib/utils/lifecycle.js:212:16)
9 verbose stack     at ChildProcess.emit (events.js:98:17)
9 verbose stack     at maybeClose (child_process.js:755:16)
9 verbose stack     at Process.ChildProcess._handle.onexit (child_process.js:822:5)
10 verbose pkgid frontinamsterdam.nl@0.0.2
11 verbose cwd /Users/bpassos/localhost/fia/www
12 error Darwin 14.3.0
13 error argv "node" "/usr/local/bin/npm" "run" "dev"
14 error node v0.10.29
15 error npm  v2.1.6
16 error code ELIFECYCLE
17 error frontinamsterdam.nl@0.0.2 dev: `gulp`
17 error Exit status 8
18 error Failed at the frontinamsterdam.nl@0.0.2 dev script.
18 error This is most likely a problem with the frontinamsterdam.nl package,
18 error not with npm itself.
18 error Tell the author that this fails on your system:
18 error     gulp
18 error You can get their info via:
18 error     npm owner ls frontinamsterdam.nl
18 error There is likely additional logging output above.
19 verbose exit [ 1, true ]
